#! /c/Source/iverilog-install/bin/vvp
:ivl_version "12.0 (devel)" "(s20150603-1539-g2693dd32b)";
:ivl_delay_selection "TYPICAL";
:vpi_time_precision - 9;
:vpi_module "C:\iverilog\lib\ivl\system.vpi";
:vpi_module "C:\iverilog\lib\ivl\vhdl_sys.vpi";
:vpi_module "C:\iverilog\lib\ivl\vhdl_textio.vpi";
:vpi_module "C:\iverilog\lib\ivl\v2005_math.vpi";
:vpi_module "C:\iverilog\lib\ivl\va_math.vpi";
S_00000159fc122920 .scope module, "exercise9" "exercise9" 2 8;
 .timescale -9 -9;
    .port_info 0 /INPUT 1 "clk";
    .port_info 1 /OUTPUT 16 "f";
    .port_info 2 /INPUT 8 "a";
    .port_info 3 /INPUT 8 "b";
    .port_info 4 /INPUT 8 "c";
    .port_info 5 /INPUT 8 "d";
    .port_info 6 /INPUT 8 "e";
o00000159fc156fa8 .functor BUFZ 8, C4<zzzzzzzz>; HiZ drive
v00000159fc122b30_0 .net "a", 7 0, o00000159fc156fa8;  0 drivers
o00000159fc156fd8 .functor BUFZ 8, C4<zzzzzzzz>; HiZ drive
v00000159fc122bd0_0 .net "b", 7 0, o00000159fc156fd8;  0 drivers
o00000159fc157008 .functor BUFZ 8, C4<zzzzzzzz>; HiZ drive
v00000159fbf8bb90_0 .net "c", 7 0, o00000159fc157008;  0 drivers
o00000159fc157038 .functor BUFZ 1, C4<z>; HiZ drive
v00000159fbf8bc30_0 .net "clk", 0 0, o00000159fc157038;  0 drivers
o00000159fc157068 .functor BUFZ 8, C4<zzzzzzzz>; HiZ drive
v00000159fbf8bcd0_0 .net "d", 7 0, o00000159fc157068;  0 drivers
o00000159fc157098 .functor BUFZ 8, C4<zzzzzzzz>; HiZ drive
v00000159fbf8bd70_0 .net "e", 7 0, o00000159fc157098;  0 drivers
v00000159fc150840_0 .var "f", 15 0;
v00000159fc1508e0_0 .var "reg1", 7 0;
v00000159fc150980_0 .var "reg2", 7 0;
v00000159fc150ab0_0 .var "reg3", 7 0;
v00000159fc150b50_0 .var "reg4", 7 0;
v00000159fc150bf0_0 .var "reg5", 7 0;
E_00000159fc156520 .event posedge, v00000159fbf8bc30_0;
    .scope S_00000159fc122920;
T_0 ;
    %wait E_00000159fc156520;
    %load/vec4 v00000159fc122b30_0;
    %load/vec4 v00000159fc122bd0_0;
    %or;
    %assign/vec4 v00000159fc1508e0_0, 0;
    %load/vec4 v00000159fbf8bb90_0;
    %assign/vec4 v00000159fc150980_0, 0;
    %load/vec4 v00000159fc1508e0_0;
    %load/vec4 v00000159fc150980_0;
    %add;
    %assign/vec4 v00000159fc150b50_0, 0;
    %load/vec4 v00000159fbf8bcd0_0;
    %load/vec4 v00000159fbf8bd70_0;
    %and;
    %assign/vec4 v00000159fc150ab0_0, 0;
    %load/vec4 v00000159fc150b50_0;
    %assign/vec4 v00000159fc150bf0_0, 0;
    %load/vec4 v00000159fc150b50_0;
    %pad/u 16;
    %load/vec4 v00000159fc150bf0_0;
    %pad/u 16;
    %mul;
    %assign/vec4 v00000159fc150840_0, 0;
    %jmp T_0;
    .thread T_0;
# The file index is used to find the file name in the following table.
:file_names 3;
    "N/A";
    "<interactive>";
    ".\exercise9.v";
